[debug] [2021-03-28T16:59:22.039Z] ----------------------------------------------------------------------
[debug] [2021-03-28T16:59:22.041Z] Command:       C:\Program Files\nodejs\node.exe C:\Users\s3ima\AppData\Roaming\npm\node_modules\firebase-tools\lib\bin\firebase.js deploy
[debug] [2021-03-28T16:59:22.041Z] CLI Version:   9.8.0
[debug] [2021-03-28T16:59:22.041Z] Platform:      win32
[debug] [2021-03-28T16:59:22.041Z] Node Version:  v12.18.3
[debug] [2021-03-28T16:59:22.043Z] Time:          Mon Mar 29 2021 01:59:22 GMT+0900 (GMT+09:00)
[debug] [2021-03-28T16:59:22.043Z] ----------------------------------------------------------------------
[debug] 
[debug] [2021-03-28T16:59:22.050Z] > command requires scopes: ["email","openid","https://www.googleapis.com/auth/cloudplatformprojects.readonly","https://www.googleapis.com/auth/firebase","https://www.googleapis.com/auth/cloud-platform"]
[debug] [2021-03-28T16:59:22.050Z] > authorizing via signed-in user
[debug] [2021-03-28T16:59:22.050Z] [iam] checking project amaterasu-cleaning for permissions ["datastore.indexes.create","datastore.indexes.delete","datastore.indexes.list","datastore.indexes.update","firebase.projects.get","firebasehosting.sites.update"]
[debug] [2021-03-28T16:59:22.052Z] > refreshing access token with scopes: ["email","https://www.googleapis.com/auth/cloud-platform","https://www.googleapis.com/auth/cloudplatformprojects.readonly","https://www.googleapis.com/auth/firebase","openid"]
[debug] [2021-03-28T16:59:22.053Z] >>> HTTP REQUEST POST https://www.googleapis.com/oauth2/v3/token  
 <request body omitted>
[debug] [2021-03-28T16:59:22.231Z] <<< HTTP RESPONSE 200 {"date":"Sun, 28 Mar 2021 16:59:23 GMT","expires":"Mon, 01 Jan 1990 00:00:00 GMT","pragma":"no-cache","cache-control":"no-cache, no-store, max-age=0, must-revalidate","content-type":"application/json; charset=utf-8","vary":"X-Origin, Referer, Origin,Accept-Encoding","server":"scaffolding on HTTPServer2","x-xss-protection":"0","x-frame-options":"SAMEORIGIN","x-content-type-options":"nosniff","alt-svc":"h3-29=\":443\"; ma=2592000,h3-T051=\":443\"; ma=2592000,h3-Q050=\":443\"; ma=2592000,h3-Q046=\":443\"; ma=2592000,h3-Q043=\":443\"; ma=2592000,quic=\":443\"; ma=2592000; v=\"46,43\"","accept-ranges":"none","transfer-encoding":"chunked"}
[debug] [2021-03-28T16:59:22.241Z] >>> HTTP REQUEST POST https://cloudresourcemanager.googleapis.com/v1/projects/amaterasu-cleaning:testIamPermissions  
 {"permissions":["datastore.indexes.create","datastore.indexes.delete","datastore.indexes.list","datastore.indexes.update","firebase.projects.get","firebasehosting.sites.update"]}
[debug] [2021-03-28T16:59:22.928Z] <<< HTTP RESPONSE 200 {"content-type":"application/json; charset=UTF-8","vary":"X-Origin, Referer, Origin,Accept-Encoding","date":"Sun, 28 Mar 2021 16:59:24 GMT","server":"ESF","cache-control":"private","x-xss-protection":"0","x-frame-options":"SAMEORIGIN","x-content-type-options":"nosniff","server-timing":"gfet4t7; dur=593","alt-svc":"h3-29=\":443\"; ma=2592000,h3-T051=\":443\"; ma=2592000,h3-Q050=\":443\"; ma=2592000,h3-Q046=\":443\"; ma=2592000,h3-Q043=\":443\"; ma=2592000,quic=\":443\"; ma=2592000; v=\"46,43\"","accept-ranges":"none","transfer-encoding":"chunked"}
[debug] [2021-03-28T16:59:22.930Z] > refreshing access token with scopes: []
[debug] [2021-03-28T16:59:22.930Z] >>> HTTP REQUEST POST https://www.googleapis.com/oauth2/v3/token  
 <request body omitted>
[debug] [2021-03-28T16:59:23.048Z] <<< HTTP RESPONSE 200 {"cache-control":"no-cache, no-store, max-age=0, must-revalidate","expires":"Mon, 01 Jan 1990 00:00:00 GMT","date":"Sun, 28 Mar 2021 16:59:24 GMT","pragma":"no-cache","content-type":"application/json; charset=utf-8","vary":"X-Origin, Referer, Origin,Accept-Encoding","server":"scaffolding on HTTPServer2","x-xss-protection":"0","x-frame-options":"SAMEORIGIN","x-content-type-options":"nosniff","alt-svc":"h3-29=\":443\"; ma=2592000,h3-T051=\":443\"; ma=2592000,h3-Q050=\":443\"; ma=2592000,h3-Q046=\":443\"; ma=2592000,h3-Q043=\":443\"; ma=2592000,quic=\":443\"; ma=2592000; v=\"46,43\"","accept-ranges":"none","transfer-encoding":"chunked"}
[debug] [2021-03-28T16:59:23.059Z] >>> [apiv2][query] GET https://firebase.googleapis.com/v1beta1/projects/amaterasu-cleaning [none]
[debug] [2021-03-28T16:59:23.613Z] <<< [apiv2][status] GET https://firebase.googleapis.com/v1beta1/projects/amaterasu-cleaning 200
[debug] [2021-03-28T16:59:23.613Z] <<< [apiv2][body] GET https://firebase.googleapis.com/v1beta1/projects/amaterasu-cleaning {"projectId":"amaterasu-cleaning","projectNumber":"516212242918","displayName":"Amaterasu-cleaning","name":"projects/amaterasu-cleaning","resources":{"hostingSite":"amaterasu-cleaning","storageBucket":"amaterasu-cleaning.appspot.com","locationId":"us-central"},"state":"ACTIVE"}
[info] 
[info] === Deploying to 'amaterasu-cleaning'...
[info] 
[info] i  deploying firestore, hosting 
[info] i  firestore: reading indexes from firestore.indexes.json... 
[info] i  cloud.firestore: checking firestore.rules for compilation errors... 
[debug] [2021-03-28T16:59:23.621Z] > refreshing access token with scopes: ["email","https://www.googleapis.com/auth/cloud-platform","https://www.googleapis.com/auth/cloudplatformprojects.readonly","https://www.googleapis.com/auth/firebase","openid"]
[debug] [2021-03-28T16:59:23.622Z] >>> HTTP REQUEST POST https://www.googleapis.com/oauth2/v3/token  
 <request body omitted>
[debug] [2021-03-28T16:59:23.733Z] <<< HTTP RESPONSE 200 {"date":"Sun, 28 Mar 2021 16:59:24 GMT","expires":"Mon, 01 Jan 1990 00:00:00 GMT","cache-control":"no-cache, no-store, max-age=0, must-revalidate","pragma":"no-cache","content-type":"application/json; charset=utf-8","vary":"X-Origin, Referer, Origin,Accept-Encoding","server":"scaffolding on HTTPServer2","x-xss-protection":"0","x-frame-options":"SAMEORIGIN","x-content-type-options":"nosniff","alt-svc":"h3-29=\":443\"; ma=2592000,h3-T051=\":443\"; ma=2592000,h3-Q050=\":443\"; ma=2592000,h3-Q046=\":443\"; ma=2592000,h3-Q043=\":443\"; ma=2592000,quic=\":443\"; ma=2592000; v=\"46,43\"","accept-ranges":"none","transfer-encoding":"chunked"}
[debug] [2021-03-28T16:59:23.739Z] >>> HTTP REQUEST POST https://firebaserules.googleapis.com/v1/projects/amaterasu-cleaning:test  
 {"source":{"files":[{"name":"firestore.rules","content":"rules_version = '2';\nservice cloud.firestore {\n  match /databases/{database}/documents {\n    match /{document=**} {\n      allow read, write: if\n          request.time < timestamp.date(2021, 4, 28);\n    }\n  }\n}"}]}}
[debug] [2021-03-28T16:59:24.866Z] <<< HTTP RESPONSE 200 {"content-type":"application/json; charset=UTF-8","vary":"X-Origin, Referer, Origin,Accept-Encoding","date":"Sun, 28 Mar 2021 16:59:25 GMT","server":"ESF","cache-control":"private","x-xss-protection":"0","x-frame-options":"SAMEORIGIN","x-content-type-options":"nosniff","alt-svc":"h3-29=\":443\"; ma=2592000,h3-T051=\":443\"; ma=2592000,h3-Q050=\":443\"; ma=2592000,h3-Q046=\":443\"; ma=2592000,h3-Q043=\":443\"; ma=2592000,quic=\":443\"; ma=2592000; v=\"46,43\"","accept-ranges":"none","transfer-encoding":"chunked"}
[info] +  cloud.firestore: rules file firestore.rules compiled successfully 
[debug] [2021-03-28T16:59:24.870Z] >>> HTTP REQUEST POST https://firebasehosting.googleapis.com/v1beta1/sites/amaterasu-cleaning/versions  
 {"config":{},"labels":{"deployment-tool":"cli-firebase"}}
